<?xml version="1.0" encoding="UTF-8"?>
<!-- Generated by org.testng.reporters.JUnitReportReporter -->
<testsuite hostname="DESKTOP-00T6P8Q" name="Practice.Appium_Framework.OpenApp_Test" tests="1" failures="0" timestamp="9 Sep 2020 13:15:28 GMT" time="25.263" errors="0">
  <testcase name="openApp" time="25.263" classname="Practice.Appium_Framework.OpenApp_Test"/>
</testsuite> <!-- Practice.Appium_Framework.OpenApp_Test -->
