<?xml version="1.0" encoding="UTF-8"?>
<!-- Generated by org.testng.reporters.JUnitReportReporter -->
<testsuite hostname="DESKTOP-00T6P8Q" name="Practice.Appium_Framework.SignIn_Test" tests="2" failures="0" timestamp="18 Sep 2020 05:37:31 GMT" time="83.306" errors="0">
  <testcase name="openApp" time="37.294" classname="Practice.Appium_Framework.SignIn_Test"/>
  <testcase name="signIn" time="46.012" classname="Practice.Appium_Framework.SignIn_Test"/>
</testsuite> <!-- Practice.Appium_Framework.SignIn_Test -->
