<?xml version="1.0" encoding="UTF-8"?>
<!-- Generated by org.testng.reporters.JUnitReportReporter -->
<testsuite hostname="DESKTOP-00T6P8Q" name="Practice.Appium_Framework.PlayVideo_Test" tests="1" failures="0" timestamp="18 Sep 2020 05:37:31 GMT" time="54.202" errors="0">
  <testcase name="playVid" time="54.202" classname="Practice.Appium_Framework.PlayVideo_Test"/>
</testsuite> <!-- Practice.Appium_Framework.PlayVideo_Test -->
